[debug] [2025-03-20T08:09:08.096Z] ----------------------------------------------------------------------
[debug] [2025-03-20T08:09:08.099Z] Command:       C:\Program Files\nodejs\node.exe C:\Users\KKEK\AppData\Roaming\npm\node_modules\firebase-tools\lib\bin\firebase.js init
[debug] [2025-03-20T08:09:08.100Z] CLI Version:   13.34.0
[debug] [2025-03-20T08:09:08.100Z] Platform:      win32
[debug] [2025-03-20T08:09:08.100Z] Node Version:  v22.11.0
[debug] [2025-03-20T08:09:08.100Z] Time:          Thu Mar 20 2025 13:39:08 GMT+0530 (India Standard Time)
[debug] [2025-03-20T08:09:08.101Z] ----------------------------------------------------------------------
[debug] 
[debug] [2025-03-20T08:09:08.104Z] >>> [apiv2][query] GET https://firebase-public.firebaseio.com/cli.json [none]
[debug] [2025-03-20T08:09:08.433Z] > command requires scopes: ["email","openid","https://www.googleapis.com/auth/cloudplatformprojects.readonly","https://www.googleapis.com/auth/firebase","https://www.googleapis.com/auth/cloud-platform"]
[debug] [2025-03-20T08:09:08.434Z] > authorizing via signed-in user (komaleshwarakumarkonatham@gmail.com)
[info] 
     ######## #### ########  ######## ########     ###     ######  ########
     ##        ##  ##     ## ##       ##     ##  ##   ##  ##       ##
     ######    ##  ########  ######   ########  #########  ######  ######
     ##        ##  ##    ##  ##       ##     ## ##     ##       ## ##
     ##       #### ##     ## ######## ########  ##     ##  ######  ########

You're about to initialize a Firebase project in this directory:

  C:\Users\KKEK\OneDrive\Desktop\cc

Before we get started, keep in mind:

  * You are initializing within an existing Firebase project directory

[debug] [2025-03-20T08:09:09.149Z] <<< [apiv2][status] GET https://firebase-public.firebaseio.com/cli.json 200
[debug] [2025-03-20T08:09:09.149Z] <<< [apiv2][body] GET https://firebase-public.firebaseio.com/cli.json {"cloudBuildErrorAfter":1594252800000,"cloudBuildWarnAfter":1590019200000,"defaultNode10After":1594252800000,"minVersion":"3.0.5","node8DeploysDisabledAfter":1613390400000,"node8RuntimeDisabledAfter":1615809600000,"node8WarnAfter":1600128000000}
[info] 
=== Project Setup
[info] 
[info] First, let's associate this project directory with a Firebase project.
[info] You can create multiple project aliases by running firebase use --add, 
[info] but for now we'll just set up a default project.
[info] 
[debug] [2025-03-20T08:09:22.518Z] Using project from CLI flag: cc-041405
[debug] [2025-03-20T08:09:22.519Z] Checked if tokens are valid: true, expires at: 1742461675957
[debug] [2025-03-20T08:09:22.519Z] Checked if tokens are valid: true, expires at: 1742461675957
[debug] [2025-03-20T08:09:22.519Z] >>> [apiv2][query] GET https://firebase.googleapis.com/v1beta1/projects/cc-041405 [none]
[debug] [2025-03-20T08:09:22.991Z] <<< [apiv2][status] GET https://firebase.googleapis.com/v1beta1/projects/cc-041405 200
[debug] [2025-03-20T08:09:22.991Z] <<< [apiv2][body] GET https://firebase.googleapis.com/v1beta1/projects/cc-041405 {"projectId":"cc-041405","projectNumber":"39191386389","displayName":"cc--","name":"projects/cc-041405","resources":{"hostingSite":"cc-041405","realtimeDatabaseInstance":"cc-041405-default-rtdb"},"state":"ACTIVE","etag":"1_97726ac5-7e05-4b15-8546-e5cf7ad9adbc"}
[info] i  Using project cc-041405 (cc--) 
[info] 
=== Firestore Setup
[debug] [2025-03-20T08:09:23.004Z] Checked if tokens are valid: true, expires at: 1742461675957
[debug] [2025-03-20T08:09:23.004Z] Checked if tokens are valid: true, expires at: 1742461675957
[debug] [2025-03-20T08:09:23.005Z] >>> [apiv2][query] GET https://serviceusage.googleapis.com/v1/projects/cc-041405/services/firestore.googleapis.com [none]
[debug] [2025-03-20T08:09:23.005Z] >>> [apiv2][(partial)header] GET https://serviceusage.googleapis.com/v1/projects/cc-041405/services/firestore.googleapis.com x-goog-quota-user=projects/cc-041405
[debug] [2025-03-20T08:09:24.920Z] <<< [apiv2][status] GET https://serviceusage.googleapis.com/v1/projects/cc-041405/services/firestore.googleapis.com 200
[debug] [2025-03-20T08:09:24.921Z] <<< [apiv2][body] GET https://serviceusage.googleapis.com/v1/projects/cc-041405/services/firestore.googleapis.com [omitted]
[debug] [2025-03-20T08:09:24.922Z] Checked if tokens are valid: true, expires at: 1742461675957
[debug] [2025-03-20T08:09:24.922Z] Checked if tokens are valid: true, expires at: 1742461675957
[debug] [2025-03-20T08:09:24.922Z] >>> [apiv2][query] GET https://firestore.googleapis.com/v1/projects/cc-041405/databases/(default) [none]
[debug] [2025-03-20T08:09:25.473Z] <<< [apiv2][status] GET https://firestore.googleapis.com/v1/projects/cc-041405/databases/(default) 200
[debug] [2025-03-20T08:09:25.473Z] <<< [apiv2][body] GET https://firestore.googleapis.com/v1/projects/cc-041405/databases/(default) {"name":"projects/cc-041405/databases/(default)","uid":"5358b8f6-8a05-4adc-84c6-0ede4dd39c3b","createTime":"2025-03-18T03:23:14.327468Z","updateTime":"2025-03-18T03:23:14.327468Z","locationId":"asia-south2","type":"FIRESTORE_NATIVE","concurrencyMode":"PESSIMISTIC","versionRetentionPeriod":"3600s","earliestVersionTime":"2025-03-20T07:09:27.749113Z","appEngineIntegrationMode":"DISABLED","pointInTimeRecoveryEnablement":"POINT_IN_TIME_RECOVERY_DISABLED","deleteProtectionState":"DELETE_PROTECTION_DISABLED","databaseEdition":"STANDARD","freeTier":true,"etag":"IMXQ/8CamIwDMPvT4ZzXkowD"}
[debug] [2025-03-20T08:09:25.474Z] database_type: FIRESTORE_NATIVE
[debug] [2025-03-20T08:09:25.474Z] database_type: FIRESTORE_NATIVE
[debug] [2025-03-20T08:09:25.475Z] > command requires scopes: ["email","openid","https://www.googleapis.com/auth/cloudplatformprojects.readonly","https://www.googleapis.com/auth/firebase","https://www.googleapis.com/auth/cloud-platform"]
[debug] [2025-03-20T08:09:25.475Z] > authorizing via signed-in user (komaleshwarakumarkonatham@gmail.com)
[debug] [2025-03-20T08:09:25.476Z] [iam] checking project cc-041405 for permissions ["firebase.projects.get"]
[debug] [2025-03-20T08:09:25.477Z] Checked if tokens are valid: true, expires at: 1742461675957
[debug] [2025-03-20T08:09:25.477Z] Checked if tokens are valid: true, expires at: 1742461675957
[debug] [2025-03-20T08:09:25.477Z] >>> [apiv2][query] POST https://cloudresourcemanager.googleapis.com/v1/projects/cc-041405:testIamPermissions [none]
[debug] [2025-03-20T08:09:25.477Z] >>> [apiv2][(partial)header] POST https://cloudresourcemanager.googleapis.com/v1/projects/cc-041405:testIamPermissions x-goog-quota-user=projects/cc-041405
[debug] [2025-03-20T08:09:25.477Z] >>> [apiv2][body] POST https://cloudresourcemanager.googleapis.com/v1/projects/cc-041405:testIamPermissions {"permissions":["firebase.projects.get"]}
[debug] [2025-03-20T08:09:26.860Z] <<< [apiv2][status] POST https://cloudresourcemanager.googleapis.com/v1/projects/cc-041405:testIamPermissions 200
[debug] [2025-03-20T08:09:26.861Z] <<< [apiv2][body] POST https://cloudresourcemanager.googleapis.com/v1/projects/cc-041405:testIamPermissions {"permissions":["firebase.projects.get"]}
[info] 
[info] Firestore Security Rules allow you to define how and when to allow
[info] requests. You can keep these rules in your project directory
[info] and publish them with firebase deploy.
[info] 
[info] 
[info] Firestore indexes allow you to perform complex queries while
[info] maintaining performance that scales with the size of the result
[info] set. You can keep index definitions in your project directory
[info] and publish them with firebase deploy.
[info] 
[info] 
=== Hosting Setup
[debug] [2025-03-20T08:09:36.243Z] Checked if tokens are valid: true, expires at: 1742461675957
[debug] [2025-03-20T08:09:36.244Z] Checked if tokens are valid: true, expires at: 1742461675957
[debug] [2025-03-20T08:09:36.244Z] >>> [apiv2][query] GET https://firebase.googleapis.com/v1beta1/projects/cc-041405 [none]
[debug] [2025-03-20T08:09:36.898Z] <<< [apiv2][status] GET https://firebase.googleapis.com/v1beta1/projects/cc-041405 200
[debug] [2025-03-20T08:09:36.898Z] <<< [apiv2][body] GET https://firebase.googleapis.com/v1beta1/projects/cc-041405 {"projectId":"cc-041405","projectNumber":"39191386389","displayName":"cc--","name":"projects/cc-041405","resources":{"hostingSite":"cc-041405","realtimeDatabaseInstance":"cc-041405-default-rtdb"},"state":"ACTIVE","etag":"1_97726ac5-7e05-4b15-8546-e5cf7ad9adbc"}
[info] 
[info] Your public directory is the folder (relative to your project directory) that
[info] will contain Hosting assets to be uploaded with firebase deploy. If you
[info] have a build process for your assets, use your build's output directory.
[info] 
[debug] [2025-03-20T08:09:44.993Z] >>> [apiv2][query] GET https://www.gstatic.com/firebasejs/releases.json [none]
[debug] [2025-03-20T08:09:45.191Z] <<< [apiv2][status] GET https://www.gstatic.com/firebasejs/releases.json 200
[debug] [2025-03-20T08:09:45.191Z] <<< [apiv2][body] GET https://www.gstatic.com/firebasejs/releases.json {"current":{"version":"11.4.0","browserURL":"https://www.gstatic.com/firebasejs/11.4.0/firebase.js","packageURL":"https://www.gstatic.com/firebasejs/11.4.0/firebase.tgz"},"live":{"version":"11.4","browserURL":"https://www.gstatic.com/firebasejs/live/11.4/firebase.js","packageURL":"https://www.gstatic.com/firebasejs/live/11.4/firebase.tgz"},"components":{"analytics":"https://www.gstatic.com/firebasejs/11.4.0/firebase-analytics.js","app":"https://www.gstatic.com/firebasejs/11.4.0/firebase-app.js","app-check":"https://www.gstatic.com/firebasejs/11.4.0/firebase-app-check.js","auth":"https://www.gstatic.com/firebasejs/11.4.0/firebase-auth.js","auth/cordova":"https://www.gstatic.com/firebasejs/11.4.0/firebase-auth/cordova.js","auth/web-extension":"https://www.gstatic.com/firebasejs/11.4.0/firebase-auth/web-extension.js","functions":"https://www.gstatic.com/firebasejs/11.4.0/firebase-functions.js","firestore":"https://www.gstatic.com/firebasejs/11.4.0/firebase-firestore.js","firestore/lite":"https://www.gstatic.com/firebasejs/11.4.0/firebase-firestore/lite.js","installations":"https://www.gstatic.com/firebasejs/11.4.0/firebase-installations.js","storage":"https://www.gstatic.com/firebasejs/11.4.0/firebase-storage.js","performance":"https://www.gstatic.com/firebasejs/11.4.0/firebase-performance.js","remote-config":"https://www.gstatic.com/firebasejs/11.4.0/firebase-remote-config.js","messaging":"https://www.gstatic.com/firebasejs/11.4.0/firebase-messaging.js","messaging/sw":"https://www.gstatic.com/firebasejs/11.4.0/firebase-messaging/sw.js","database":"https://www.gstatic.com/firebasejs/11.4.0/firebase-database.js","vertexai":"https://www.gstatic.com/firebasejs/11.4.0/firebase-vertexai.js","data-connect":"https://www.gstatic.com/firebasejs/11.4.0/firebase-data-connect.js","firestore.memory":"https://www.gstatic.com/firebasejs/11.4.0/firebase-firestore.memory.js"}}
[info] +  Wrote public/index.html 
[info] 
=== Emulators Setup
[info] i  firestore: downloading cloud-firestore-emulator-v1.19.8.jar... {"metadata":{"emulator":{"name":"firestore"},"message":"downloading cloud-firestore-emulator-v1.19.8.jar..."}}
[debug] [2025-03-20T08:10:58.445Z] >>> [apiv2][query] GET https://storage.googleapis.com/firebase-preview-drop/emulator/cloud-firestore-emulator-v1.19.8.jar 
[debug] [2025-03-20T08:10:58.877Z] <<< [apiv2][status] GET https://storage.googleapis.com/firebase-preview-drop/emulator/cloud-firestore-emulator-v1.19.8.jar 200
[debug] [2025-03-20T08:10:58.878Z] <<< [apiv2][body] GET https://storage.googleapis.com/firebase-preview-drop/emulator/cloud-firestore-emulator-v1.19.8.jar [stream]
[info] i  database: downloading firebase-database-emulator-v4.11.2.jar... {"metadata":{"emulator":{"name":"database"},"message":"downloading firebase-database-emulator-v4.11.2.jar..."}}
[debug] [2025-03-20T08:11:03.667Z] >>> [apiv2][query] GET https://storage.googleapis.com/firebase-preview-drop/emulator/firebase-database-emulator-v4.11.2.jar 
[debug] [2025-03-20T08:11:04.044Z] <<< [apiv2][status] GET https://storage.googleapis.com/firebase-preview-drop/emulator/firebase-database-emulator-v4.11.2.jar 200
[debug] [2025-03-20T08:11:04.044Z] <<< [apiv2][body] GET https://storage.googleapis.com/firebase-preview-drop/emulator/firebase-database-emulator-v4.11.2.jar [stream]
[info] i  ui: downloading ui-v1.14.0.zip... {"metadata":{"emulator":{"name":"ui"},"message":"downloading ui-v1.14.0.zip..."}}
[debug] [2025-03-20T08:11:07.533Z] >>> [apiv2][query] GET https://storage.googleapis.com/firebase-preview-drop/emulator/ui-v1.14.0.zip 
[info] 
=== Database Setup
[info] i  database: ensuring required API firebasedatabase.googleapis.com is enabled... 
[debug] [2025-03-20T08:11:07.537Z] Checked if tokens are valid: true, expires at: 1742461675957
[debug] [2025-03-20T08:11:07.537Z] Checked if tokens are valid: true, expires at: 1742461675957
[debug] [2025-03-20T08:11:07.537Z] >>> [apiv2][query] GET https://serviceusage.googleapis.com/v1/projects/cc-041405/services/firebasedatabase.googleapis.com [none]
[debug] [2025-03-20T08:11:07.537Z] >>> [apiv2][(partial)header] GET https://serviceusage.googleapis.com/v1/projects/cc-041405/services/firebasedatabase.googleapis.com x-goog-quota-user=projects/cc-041405
[debug] [2025-03-20T08:11:07.836Z] <<< [apiv2][status] GET https://storage.googleapis.com/firebase-preview-drop/emulator/ui-v1.14.0.zip 200
[debug] [2025-03-20T08:11:07.836Z] <<< [apiv2][body] GET https://storage.googleapis.com/firebase-preview-drop/emulator/ui-v1.14.0.zip [stream]
[debug] [2025-03-20T08:11:08.182Z] Data is 3615311
[debug] [2025-03-20T08:11:08.183Z] [unzip] Entry: client/ (compressed_size=0 bytes, uncompressed_size=0 bytes)
[debug] [2025-03-20T08:11:08.184Z] [unzip] Processing entry: client\
[debug] [2025-03-20T08:11:08.184Z] [unzip] mkdir: C:\Users\KKEK\.cache\firebase\emulators\ui-v1.14.0\client\
[debug] [2025-03-20T08:11:08.222Z] [unzip] Entry: client/favicon-16x16.png (compressed_size=293 bytes, uncompressed_size=293 bytes)
[debug] [2025-03-20T08:11:08.223Z] [unzip] Processing entry: client\favicon-16x16.png
[debug] [2025-03-20T08:11:08.223Z] [unzip] else mkdir: C:\Users\KKEK\.cache\firebase\emulators\ui-v1.14.0\client
[debug] [2025-03-20T08:11:08.223Z] [unzip] Writing file: C:\Users\KKEK\.cache\firebase\emulators\ui-v1.14.0\client\favicon-16x16.png
[debug] [2025-03-20T08:11:08.225Z] [unzip] Entry: client/safari-pinned-tab.svg (compressed_size=1433 bytes, uncompressed_size=2611 bytes)
[debug] [2025-03-20T08:11:08.225Z] [unzip] Processing entry: client\safari-pinned-tab.svg
[debug] [2025-03-20T08:11:08.225Z] [unzip] else mkdir: C:\Users\KKEK\.cache\firebase\emulators\ui-v1.14.0\client
[debug] [2025-03-20T08:11:08.226Z] [unzip] deflating: C:\Users\KKEK\.cache\firebase\emulators\ui-v1.14.0\client\safari-pinned-tab.svg
[debug] [2025-03-20T08:11:08.232Z] [unzip] Entry: client/favicon.ico (compressed_size=2933 bytes, uncompressed_size=13294 bytes)
[debug] [2025-03-20T08:11:08.232Z] [unzip] Processing entry: client\favicon.ico
[debug] [2025-03-20T08:11:08.232Z] [unzip] else mkdir: C:\Users\KKEK\.cache\firebase\emulators\ui-v1.14.0\client
[debug] [2025-03-20T08:11:08.232Z] [unzip] deflating: C:\Users\KKEK\.cache\firebase\emulators\ui-v1.14.0\client\favicon.ico
[debug] [2025-03-20T08:11:08.235Z] [unzip] Entry: client/index.html (compressed_size=1363 bytes, uncompressed_size=3071 bytes)
[debug] [2025-03-20T08:11:08.235Z] [unzip] Processing entry: client\index.html
[debug] [2025-03-20T08:11:08.235Z] [unzip] else mkdir: C:\Users\KKEK\.cache\firebase\emulators\ui-v1.14.0\client
[debug] [2025-03-20T08:11:08.236Z] [unzip] deflating: C:\Users\KKEK\.cache\firebase\emulators\ui-v1.14.0\client\index.html
[debug] [2025-03-20T08:11:08.237Z] [unzip] Entry: client/android-chrome-192x192.png (compressed_size=2684 bytes, uncompressed_size=2684 bytes)
[debug] [2025-03-20T08:11:08.238Z] [unzip] Processing entry: client\android-chrome-192x192.png
[debug] [2025-03-20T08:11:08.238Z] [unzip] else mkdir: C:\Users\KKEK\.cache\firebase\emulators\ui-v1.14.0\client
[debug] [2025-03-20T08:11:08.238Z] [unzip] Writing file: C:\Users\KKEK\.cache\firebase\emulators\ui-v1.14.0\client\android-chrome-192x192.png
[debug] [2025-03-20T08:11:08.239Z] [unzip] Entry: client/apple-touch-icon.png (compressed_size=2123 bytes, uncompressed_size=2152 bytes)
[debug] [2025-03-20T08:11:08.239Z] [unzip] Processing entry: client\apple-touch-icon.png
[debug] [2025-03-20T08:11:08.240Z] [unzip] else mkdir: C:\Users\KKEK\.cache\firebase\emulators\ui-v1.14.0\client
[debug] [2025-03-20T08:11:08.240Z] [unzip] deflating: C:\Users\KKEK\.cache\firebase\emulators\ui-v1.14.0\client\apple-touch-icon.png
[debug] [2025-03-20T08:11:08.241Z] [unzip] Entry: client/android-chrome-512x512.png (compressed_size=5369 bytes, uncompressed_size=5411 bytes)
[debug] [2025-03-20T08:11:08.242Z] [unzip] Processing entry: client\android-chrome-512x512.png
[debug] [2025-03-20T08:11:08.242Z] [unzip] else mkdir: C:\Users\KKEK\.cache\firebase\emulators\ui-v1.14.0\client
[debug] [2025-03-20T08:11:08.242Z] [unzip] deflating: C:\Users\KKEK\.cache\firebase\emulators\ui-v1.14.0\client\android-chrome-512x512.png
[debug] [2025-03-20T08:11:08.243Z] [unzip] Entry: client/manifest.json (compressed_size=245 bytes, uncompressed_size=551 bytes)
[debug] [2025-03-20T08:11:08.244Z] [unzip] Processing entry: client\manifest.json
[debug] [2025-03-20T08:11:08.244Z] [unzip] else mkdir: C:\Users\KKEK\.cache\firebase\emulators\ui-v1.14.0\client
[debug] [2025-03-20T08:11:08.244Z] [unzip] deflating: C:\Users\KKEK\.cache\firebase\emulators\ui-v1.14.0\client\manifest.json
[debug] [2025-03-20T08:11:08.246Z] [unzip] Entry: client/robots.txt (compressed_size=26 bytes, uncompressed_size=26 bytes)
[debug] [2025-03-20T08:11:08.246Z] [unzip] Processing entry: client\robots.txt
[debug] [2025-03-20T08:11:08.246Z] [unzip] else mkdir: C:\Users\KKEK\.cache\firebase\emulators\ui-v1.14.0\client
[debug] [2025-03-20T08:11:08.246Z] [unzip] Writing file: C:\Users\KKEK\.cache\firebase\emulators\ui-v1.14.0\client\robots.txt
[debug] [2025-03-20T08:11:08.247Z] [unzip] Entry: client/mstile-150x150.png (compressed_size=2034 bytes, uncompressed_size=2034 bytes)
[debug] [2025-03-20T08:11:08.247Z] [unzip] Processing entry: client\mstile-150x150.png
[debug] [2025-03-20T08:11:08.247Z] [unzip] else mkdir: C:\Users\KKEK\.cache\firebase\emulators\ui-v1.14.0\client
[debug] [2025-03-20T08:11:08.248Z] [unzip] Writing file: C:\Users\KKEK\.cache\firebase\emulators\ui-v1.14.0\client\mstile-150x150.png
[debug] [2025-03-20T08:11:08.248Z] [unzip] Entry: client/assets/ (compressed_size=0 bytes, uncompressed_size=0 bytes)
[debug] [2025-03-20T08:11:08.248Z] [unzip] Processing entry: client\assets\
[debug] [2025-03-20T08:11:08.248Z] [unzip] mkdir: C:\Users\KKEK\.cache\firebase\emulators\ui-v1.14.0\client\assets\
[debug] [2025-03-20T08:11:08.249Z] [unzip] Entry: client/assets/index-ClZTY_JS.js.map (compressed_size=2328270 bytes, uncompressed_size=9947004 bytes)
[debug] [2025-03-20T08:11:08.249Z] [unzip] Processing entry: client\assets\index-ClZTY_JS.js.map
[debug] [2025-03-20T08:11:08.249Z] [unzip] else mkdir: C:\Users\KKEK\.cache\firebase\emulators\ui-v1.14.0\client\assets
[debug] [2025-03-20T08:11:08.250Z] [unzip] deflating: C:\Users\KKEK\.cache\firebase\emulators\ui-v1.14.0\client\assets\index-ClZTY_JS.js.map
[debug] [2025-03-20T08:11:08.327Z] [unzip] Entry: client/assets/index-ClZTY_JS.js (compressed_size=567195 bytes, uncompressed_size=2035940 bytes)
[debug] [2025-03-20T08:11:08.327Z] [unzip] Processing entry: client\assets\index-ClZTY_JS.js
[debug] [2025-03-20T08:11:08.327Z] [unzip] else mkdir: C:\Users\KKEK\.cache\firebase\emulators\ui-v1.14.0\client\assets
[debug] [2025-03-20T08:11:08.328Z] [unzip] deflating: C:\Users\KKEK\.cache\firebase\emulators\ui-v1.14.0\client\assets\index-ClZTY_JS.js
[debug] [2025-03-20T08:11:08.344Z] [unzip] Entry: client/assets/index-BdgySamB.css (compressed_size=35979 bytes, uncompressed_size=298654 bytes)
[debug] [2025-03-20T08:11:08.345Z] [unzip] Processing entry: client\assets\index-BdgySamB.css
[debug] [2025-03-20T08:11:08.345Z] [unzip] else mkdir: C:\Users\KKEK\.cache\firebase\emulators\ui-v1.14.0\client\assets
[debug] [2025-03-20T08:11:08.345Z] [unzip] deflating: C:\Users\KKEK\.cache\firebase\emulators\ui-v1.14.0\client\assets\index-BdgySamB.css
[debug] [2025-03-20T08:11:08.350Z] [unzip] Entry: client/assets/extensions/ (compressed_size=0 bytes, uncompressed_size=0 bytes)
[debug] [2025-03-20T08:11:08.351Z] [unzip] Processing entry: client\assets\extensions\
[debug] [2025-03-20T08:11:08.351Z] [unzip] mkdir: C:\Users\KKEK\.cache\firebase\emulators\ui-v1.14.0\client\assets\extensions\
[debug] [2025-03-20T08:11:08.352Z] [unzip] Entry: client/assets/extensions/default-extension.png (compressed_size=1646 bytes, uncompressed_size=1657 bytes)
[debug] [2025-03-20T08:11:08.352Z] [unzip] Processing entry: client\assets\extensions\default-extension.png
[debug] [2025-03-20T08:11:08.352Z] [unzip] else mkdir: C:\Users\KKEK\.cache\firebase\emulators\ui-v1.14.0\client\assets\extensions
[debug] [2025-03-20T08:11:08.352Z] [unzip] deflating: C:\Users\KKEK\.cache\firebase\emulators\ui-v1.14.0\client\assets\extensions\default-extension.png
[debug] [2025-03-20T08:11:08.354Z] [unzip] Entry: client/assets/img/ (compressed_size=0 bytes, uncompressed_size=0 bytes)
[debug] [2025-03-20T08:11:08.354Z] [unzip] Processing entry: client\assets\img\
[debug] [2025-03-20T08:11:08.354Z] [unzip] mkdir: C:\Users\KKEK\.cache\firebase\emulators\ui-v1.14.0\client\assets\img\
[debug] [2025-03-20T08:11:08.354Z] [unzip] Entry: client/assets/img/database.png (compressed_size=29449 bytes, uncompressed_size=29988 bytes)
[debug] [2025-03-20T08:11:08.354Z] [unzip] Processing entry: client\assets\img\database.png
[debug] [2025-03-20T08:11:08.354Z] [unzip] else mkdir: C:\Users\KKEK\.cache\firebase\emulators\ui-v1.14.0\client\assets\img
[debug] [2025-03-20T08:11:08.355Z] [unzip] deflating: C:\Users\KKEK\.cache\firebase\emulators\ui-v1.14.0\client\assets\img\database.png
[debug] [2025-03-20T08:11:08.357Z] [unzip] Entry: client/assets/provider-icons/ (compressed_size=0 bytes, uncompressed_size=0 bytes)
[debug] [2025-03-20T08:11:08.357Z] [unzip] Processing entry: client\assets\provider-icons\
[debug] [2025-03-20T08:11:08.357Z] [unzip] mkdir: C:\Users\KKEK\.cache\firebase\emulators\ui-v1.14.0\client\assets\provider-icons\
[debug] [2025-03-20T08:11:08.358Z] [unzip] Entry: client/assets/provider-icons/auth_service_saml.svg (compressed_size=575 bytes, uncompressed_size=1226 bytes)
[debug] [2025-03-20T08:11:08.358Z] [unzip] Processing entry: client\assets\provider-icons\auth_service_saml.svg
[debug] [2025-03-20T08:11:08.358Z] [unzip] else mkdir: C:\Users\KKEK\.cache\firebase\emulators\ui-v1.14.0\client\assets\provider-icons
[debug] [2025-03-20T08:11:08.359Z] [unzip] deflating: C:\Users\KKEK\.cache\firebase\emulators\ui-v1.14.0\client\assets\provider-icons\auth_service_saml.svg
[debug] [2025-03-20T08:11:08.360Z] [unzip] Entry: client/assets/provider-icons/auth_service_phone.svg (compressed_size=261 bytes, uncompressed_size=414 bytes)
[debug] [2025-03-20T08:11:08.360Z] [unzip] Processing entry: client\assets\provider-icons\auth_service_phone.svg
[debug] [2025-03-20T08:11:08.360Z] [unzip] else mkdir: C:\Users\KKEK\.cache\firebase\emulators\ui-v1.14.0\client\assets\provider-icons
[debug] [2025-03-20T08:11:08.360Z] [unzip] deflating: C:\Users\KKEK\.cache\firebase\emulators\ui-v1.14.0\client\assets\provider-icons\auth_service_phone.svg
[debug] [2025-03-20T08:11:08.361Z] [unzip] Entry: client/assets/provider-icons/auth_service_facebook.svg (compressed_size=289 bytes, uncompressed_size=457 bytes)
[debug] [2025-03-20T08:11:08.362Z] [unzip] Processing entry: client\assets\provider-icons\auth_service_facebook.svg
[debug] [2025-03-20T08:11:08.362Z] [unzip] else mkdir: C:\Users\KKEK\.cache\firebase\emulators\ui-v1.14.0\client\assets\provider-icons
[debug] [2025-03-20T08:11:08.362Z] [unzip] deflating: C:\Users\KKEK\.cache\firebase\emulators\ui-v1.14.0\client\assets\provider-icons\auth_service_facebook.svg
[debug] [2025-03-20T08:11:08.363Z] [unzip] Entry: client/assets/provider-icons/auth_service_game_center.svg (compressed_size=991 bytes, uncompressed_size=3921 bytes)
[debug] [2025-03-20T08:11:08.363Z] [unzip] Processing entry: client\assets\provider-icons\auth_service_game_center.svg
[debug] [2025-03-20T08:11:08.363Z] [unzip] else mkdir: C:\Users\KKEK\.cache\firebase\emulators\ui-v1.14.0\client\assets\provider-icons
[debug] [2025-03-20T08:11:08.364Z] [unzip] deflating: C:\Users\KKEK\.cache\firebase\emulators\ui-v1.14.0\client\assets\provider-icons\auth_service_game_center.svg
[debug] [2025-03-20T08:11:08.365Z] [unzip] Entry: client/assets/provider-icons/auth_service_apple.svg (compressed_size=230 bytes, uncompressed_size=334 bytes)
[debug] [2025-03-20T08:11:08.365Z] [unzip] Processing entry: client\assets\provider-icons\auth_service_apple.svg
[debug] [2025-03-20T08:11:08.365Z] [unzip] else mkdir: C:\Users\KKEK\.cache\firebase\emulators\ui-v1.14.0\client\assets\provider-icons
[debug] [2025-03-20T08:11:08.366Z] [unzip] deflating: C:\Users\KKEK\.cache\firebase\emulators\ui-v1.14.0\client\assets\provider-icons\auth_service_apple.svg
[debug] [2025-03-20T08:11:08.368Z] [unzip] Entry: client/assets/provider-icons/auth_service_github.svg (compressed_size=466 bytes, uncompressed_size=838 bytes)
[debug] [2025-03-20T08:11:08.368Z] [unzip] Processing entry: client\assets\provider-icons\auth_service_github.svg
[debug] [2025-03-20T08:11:08.368Z] [unzip] else mkdir: C:\Users\KKEK\.cache\firebase\emulators\ui-v1.14.0\client\assets\provider-icons
[debug] [2025-03-20T08:11:08.368Z] [unzip] deflating: C:\Users\KKEK\.cache\firebase\emulators\ui-v1.14.0\client\assets\provider-icons\auth_service_github.svg
[debug] [2025-03-20T08:11:08.370Z] [unzip] Entry: client/assets/provider-icons/auth_service_mslive.svg (compressed_size=203 bytes, uncompressed_size=378 bytes)
[debug] [2025-03-20T08:11:08.370Z] [unzip] Processing entry: client\assets\provider-icons\auth_service_mslive.svg
[debug] [2025-03-20T08:11:08.370Z] [unzip] else mkdir: C:\Users\KKEK\.cache\firebase\emulators\ui-v1.14.0\client\assets\provider-icons
[debug] [2025-03-20T08:11:08.371Z] [unzip] deflating: C:\Users\KKEK\.cache\firebase\emulators\ui-v1.14.0\client\assets\provider-icons\auth_service_mslive.svg
[debug] [2025-03-20T08:11:08.372Z] [unzip] Entry: client/assets/provider-icons/auth_service_yahoo.svg (compressed_size=577 bytes, uncompressed_size=1182 bytes)
[debug] [2025-03-20T08:11:08.372Z] [unzip] Processing entry: client\assets\provider-icons\auth_service_yahoo.svg
[debug] [2025-03-20T08:11:08.373Z] [unzip] else mkdir: C:\Users\KKEK\.cache\firebase\emulators\ui-v1.14.0\client\assets\provider-icons
[debug] [2025-03-20T08:11:08.373Z] [unzip] deflating: C:\Users\KKEK\.cache\firebase\emulators\ui-v1.14.0\client\assets\provider-icons\auth_service_yahoo.svg
[debug] [2025-03-20T08:11:08.375Z] [unzip] Entry: client/assets/provider-icons/auth_service_twitter.svg (compressed_size=444 bytes, uncompressed_size=751 bytes)
[debug] [2025-03-20T08:11:08.375Z] [unzip] Processing entry: client\assets\provider-icons\auth_service_twitter.svg
[debug] [2025-03-20T08:11:08.376Z] [unzip] else mkdir: C:\Users\KKEK\.cache\firebase\emulators\ui-v1.14.0\client\assets\provider-icons
[debug] [2025-03-20T08:11:08.377Z] [unzip] deflating: C:\Users\KKEK\.cache\firebase\emulators\ui-v1.14.0\client\assets\provider-icons\auth_service_twitter.svg
[debug] [2025-03-20T08:11:08.378Z] [unzip] Entry: client/assets/provider-icons/auth_service_play_games.svg (compressed_size=565 bytes, uncompressed_size=1173 bytes)
[debug] [2025-03-20T08:11:08.378Z] [unzip] Processing entry: client\assets\provider-icons\auth_service_play_games.svg
[debug] [2025-03-20T08:11:08.379Z] [unzip] else mkdir: C:\Users\KKEK\.cache\firebase\emulators\ui-v1.14.0\client\assets\provider-icons
[debug] [2025-03-20T08:11:08.379Z] [unzip] deflating: C:\Users\KKEK\.cache\firebase\emulators\ui-v1.14.0\client\assets\provider-icons\auth_service_play_games.svg
[debug] [2025-03-20T08:11:08.381Z] [unzip] Entry: client/assets/provider-icons/auth_service_email.svg (compressed_size=228 bytes, uncompressed_size=326 bytes)
[debug] [2025-03-20T08:11:08.381Z] [unzip] Processing entry: client\assets\provider-icons\auth_service_email.svg
[debug] [2025-03-20T08:11:08.381Z] [unzip] else mkdir: C:\Users\KKEK\.cache\firebase\emulators\ui-v1.14.0\client\assets\provider-icons
[debug] [2025-03-20T08:11:08.382Z] [unzip] deflating: C:\Users\KKEK\.cache\firebase\emulators\ui-v1.14.0\client\assets\provider-icons\auth_service_email.svg
[debug] [2025-03-20T08:11:08.385Z] [unzip] Entry: client/assets/provider-icons/auth_service_google.svg (compressed_size=409 bytes, uncompressed_size=720 bytes)
[debug] [2025-03-20T08:11:08.385Z] [unzip] Processing entry: client\assets\provider-icons\auth_service_google.svg
[debug] [2025-03-20T08:11:08.385Z] [unzip] else mkdir: C:\Users\KKEK\.cache\firebase\emulators\ui-v1.14.0\client\assets\provider-icons
[debug] [2025-03-20T08:11:08.385Z] [unzip] deflating: C:\Users\KKEK\.cache\firebase\emulators\ui-v1.14.0\client\assets\provider-icons\auth_service_google.svg
[debug] [2025-03-20T08:11:08.387Z] [unzip] Entry: client/assets/provider-icons/auth_service_oidc.svg (compressed_size=414 bytes, uncompressed_size=858 bytes)
[debug] [2025-03-20T08:11:08.387Z] [unzip] Processing entry: client\assets\provider-icons\auth_service_oidc.svg
[debug] [2025-03-20T08:11:08.387Z] [unzip] else mkdir: C:\Users\KKEK\.cache\firebase\emulators\ui-v1.14.0\client\assets\provider-icons
[debug] [2025-03-20T08:11:08.387Z] [unzip] deflating: C:\Users\KKEK\.cache\firebase\emulators\ui-v1.14.0\client\assets\provider-icons\auth_service_oidc.svg
[debug] [2025-03-20T08:11:08.388Z] [unzip] Entry: client/browserconfig.xml (compressed_size=491 bytes, uncompressed_size=822 bytes)
[debug] [2025-03-20T08:11:08.388Z] [unzip] Processing entry: client\browserconfig.xml
[debug] [2025-03-20T08:11:08.389Z] [unzip] else mkdir: C:\Users\KKEK\.cache\firebase\emulators\ui-v1.14.0\client
[debug] [2025-03-20T08:11:08.389Z] [unzip] deflating: C:\Users\KKEK\.cache\firebase\emulators\ui-v1.14.0\client\browserconfig.xml
[debug] [2025-03-20T08:11:08.390Z] [unzip] Entry: client/favicon-32x32.png (compressed_size=475 bytes, uncompressed_size=475 bytes)
[debug] [2025-03-20T08:11:08.390Z] [unzip] Processing entry: client\favicon-32x32.png
[debug] [2025-03-20T08:11:08.390Z] [unzip] else mkdir: C:\Users\KKEK\.cache\firebase\emulators\ui-v1.14.0\client
[debug] [2025-03-20T08:11:08.390Z] [unzip] Writing file: C:\Users\KKEK\.cache\firebase\emulators\ui-v1.14.0\client\favicon-32x32.png
[debug] [2025-03-20T08:11:08.391Z] [unzip] Entry: server/ (compressed_size=0 bytes, uncompressed_size=0 bytes)
[debug] [2025-03-20T08:11:08.391Z] [unzip] Processing entry: server\
[debug] [2025-03-20T08:11:08.391Z] [unzip] mkdir: C:\Users\KKEK\.cache\firebase\emulators\ui-v1.14.0\server\
[debug] [2025-03-20T08:11:08.392Z] [unzip] Entry: server/server.mjs.map (compressed_size=296496 bytes, uncompressed_size=1355667 bytes)
[debug] [2025-03-20T08:11:08.392Z] [unzip] Processing entry: server\server.mjs.map
[debug] [2025-03-20T08:11:08.392Z] [unzip] else mkdir: C:\Users\KKEK\.cache\firebase\emulators\ui-v1.14.0\server
[debug] [2025-03-20T08:11:08.392Z] [unzip] deflating: C:\Users\KKEK\.cache\firebase\emulators\ui-v1.14.0\server\server.mjs.map
[debug] [2025-03-20T08:11:08.402Z] [unzip] Entry: server/server.mjs (compressed_size=315701 bytes, uncompressed_size=1172682 bytes)
[debug] [2025-03-20T08:11:08.402Z] [unzip] Processing entry: server\server.mjs
[debug] [2025-03-20T08:11:08.402Z] [unzip] else mkdir: C:\Users\KKEK\.cache\firebase\emulators\ui-v1.14.0\server
[debug] [2025-03-20T08:11:08.403Z] [unzip] deflating: C:\Users\KKEK\.cache\firebase\emulators\ui-v1.14.0\server\server.mjs
[debug] [2025-03-20T08:11:08.412Z] [unzip] Entry: server/assets/ (compressed_size=0 bytes, uncompressed_size=0 bytes)
[debug] [2025-03-20T08:11:08.412Z] [unzip] Processing entry: server\assets\
[debug] [2025-03-20T08:11:08.412Z] [unzip] mkdir: C:\Users\KKEK\.cache\firebase\emulators\ui-v1.14.0\server\assets\
[debug] [2025-03-20T08:11:08.413Z] [unzip] Entry: server/assets/multipart-parser-DGCUZdXu.mjs.map (compressed_size=4791 bytes, uncompressed_size=17918 bytes)
[debug] [2025-03-20T08:11:08.413Z] [unzip] Processing entry: server\assets\multipart-parser-DGCUZdXu.mjs.map
[debug] [2025-03-20T08:11:08.413Z] [unzip] else mkdir: C:\Users\KKEK\.cache\firebase\emulators\ui-v1.14.0\server\assets
[debug] [2025-03-20T08:11:08.414Z] [unzip] deflating: C:\Users\KKEK\.cache\firebase\emulators\ui-v1.14.0\server\assets\multipart-parser-DGCUZdXu.mjs.map
[debug] [2025-03-20T08:11:08.416Z] [unzip] Entry: server/assets/multipart-parser-DGCUZdXu.mjs (compressed_size=2621 bytes, uncompressed_size=10390 bytes)
[debug] [2025-03-20T08:11:08.416Z] [unzip] Processing entry: server\assets\multipart-parser-DGCUZdXu.mjs
[debug] [2025-03-20T08:11:08.416Z] [unzip] else mkdir: C:\Users\KKEK\.cache\firebase\emulators\ui-v1.14.0\server\assets
[debug] [2025-03-20T08:11:08.417Z] [unzip] deflating: C:\Users\KKEK\.cache\firebase\emulators\ui-v1.14.0\server\assets\multipart-parser-DGCUZdXu.mjs
[debug] [2025-03-20T08:11:09.473Z] <<< [apiv2][status] GET https://serviceusage.googleapis.com/v1/projects/cc-041405/services/firebasedatabase.googleapis.com 200
[debug] [2025-03-20T08:11:09.474Z] <<< [apiv2][body] GET https://serviceusage.googleapis.com/v1/projects/cc-041405/services/firebasedatabase.googleapis.com [omitted]
[info] +  database: required API firebasedatabase.googleapis.com is enabled 
[info] 
[debug] [2025-03-20T08:11:09.476Z] Checked if tokens are valid: true, expires at: 1742461675957
[debug] [2025-03-20T08:11:09.476Z] Checked if tokens are valid: true, expires at: 1742461675957
[debug] [2025-03-20T08:11:09.477Z] >>> [apiv2][query] GET https://firebasedatabase.googleapis.com/v1beta/projects/cc-041405/locations/-/instances/cc-041405-default-rtdb [none]
[debug] [2025-03-20T08:11:11.354Z] <<< [apiv2][status] GET https://firebasedatabase.googleapis.com/v1beta/projects/cc-041405/locations/-/instances/cc-041405-default-rtdb 200
[debug] [2025-03-20T08:11:11.355Z] <<< [apiv2][body] GET https://firebasedatabase.googleapis.com/v1beta/projects/cc-041405/locations/-/instances/cc-041405-default-rtdb {"name":"projects/39191386389/locations/asia-southeast1/instances/cc-041405-default-rtdb","project":"projects/39191386389","databaseUrl":"https://cc-041405-default-rtdb.asia-southeast1.firebasedatabase.app","type":"DEFAULT_DATABASE","state":"ACTIVE"}
[info] 
[info] Firebase Realtime Database Security Rules allow you to define how your data should be
[info] structured and when your data can be read from and written to.
[info] 
[info] Skipping overwrite of Realtime Database Security Rules.
[info] The security rules defined in database.rules.json will be published when you run firebase deploy.
[info] 
[info] i  Writing configuration info to firebase.json... 
[info] i  Writing project information to .firebaserc... 
[info] 
[info] +  Firebase initialization complete! 
[debug] [2025-03-20T08:11:32.143Z] Error: Timed out.
    at Timeout._onTimeout (C:\Users\KKEK\AppData\Roaming\npm\node_modules\firebase-tools\lib\utils.js:269:49)
    at listOnTimeout (node:internal/timers:594:17)
    at process.processTimers (node:internal/timers:529:7)
[error] 
[error] Error: An unexpected error has occurred.
